This file contains any messages produced by compilers while
running configure, to aid debugging if configure makes a mistake.

It was created by skeltrack configure 0.1.14, which was
generated by GNU Autoconf 2.69.  Invocation command line was

  $ ./configure --enable-examples=yes

## --------- ##
## Platform. ##
## --------- ##

hostname = david-N53SM
uname -m = x86_64
uname -r = 3.16.0-36-generic
uname -s = Linux
uname -v = #48~14.04.1-Ubuntu SMP Wed Apr 15 13:11:28 UTC 2015

/usr/bin/uname -p = unknown
/bin/uname -X     = unknown

/bin/arch              = unknown
/usr/bin/arch -k       = unknown
/usr/convex/getsysinfo = unknown
/usr/bin/hostinfo      = unknown
/bin/machine           = unknown
/usr/bin/oslevel       = unknown
/bin/universe          = unknown

PATH: /usr/local/sbin
PATH: /usr/local/bin
PATH: /usr/sbin
PATH: /usr/bin
PATH: /sbin
PATH: /bin


## ----------- ##
## Core tests. ##
## ----------- ##

configure:2257: checking for a BSD-compatible install
configure:2325: result: /usr/bin/install -c
configure:2336: checking whether build environment is sane
configure:2391: result: yes
configure:2542: checking for a thread-safe mkdir -p
configure:2581: result: /bin/mkdir -p
configure:2588: checking for gawk
configure:2618: result: no
configure:2588: checking for mawk
configure:2604: found /usr/bin/mawk
configure:2615: result: mawk
configure:2626: checking whether make sets $(MAKE)
configure:2648: result: yes
configure:2677: checking whether make supports nested variables
configure:2694: result: yes
configure:2865: checking build system type
configure:2879: result: x86_64-unknown-linux-gnu
configure:2899: checking host system type
configure:2912: result: x86_64-unknown-linux-gnu
configure:2953: checking how to print strings
configure:2980: result: printf
configure:3013: checking for style of include used by make
configure:3041: result: GNU
configure:3112: checking for gcc
configure:3128: found /usr/bin/gcc
configure:3139: result: gcc
configure:3368: checking for C compiler version
configure:3377: gcc --version >&5
gcc (Ubuntu 4.8.2-19ubuntu1) 4.8.2
Copyright (C) 2013 Free Software Foundation, Inc.
This is free software; see the source for copying conditions.  There is NO
warranty; not even for MERCHANTABILITY or FITNESS FOR A PARTICULAR PURPOSE.

configure:3388: $? = 0
configure:3377: gcc -v >&5
Using built-in specs.
COLLECT_GCC=gcc
COLLECT_LTO_WRAPPER=/usr/lib/gcc/x86_64-linux-gnu/4.8/lto-wrapper
Target: x86_64-linux-gnu
Configured with: ../src/configure -v --with-pkgversion='Ubuntu 4.8.2-19ubuntu1' --with-bugurl=file:///usr/share/doc/gcc-4.8/README.Bugs --enable-languages=c,c++,java,go,d,fortran,objc,obj-c++ --prefix=/usr --program-suffix=-4.8 --enable-shared --enable-linker-build-id --libexecdir=/usr/lib --without-included-gettext --enable-threads=posix --with-gxx-include-dir=/usr/include/c++/4.8 --libdir=/usr/lib --enable-nls --with-sysroot=/ --enable-clocale=gnu --enable-libstdcxx-debug --enable-libstdcxx-time=yes --enable-gnu-unique-object --disable-libmudflap --enable-plugin --with-system-zlib --disable-browser-plugin --enable-java-awt=gtk --enable-gtk-cairo --with-java-home=/usr/lib/jvm/java-1.5.0-gcj-4.8-amd64/jre --enable-java-home --with-jvm-root-dir=/usr/lib/jvm/java-1.5.0-gcj-4.8-amd64 --with-jvm-jar-dir=/usr/lib/jvm-exports/java-1.5.0-gcj-4.8-amd64 --with-arch-directory=amd64 --with-ecj-jar=/usr/share/java/eclipse-ecj.jar --enable-objc-gc --enable-multiarch --disable-werror --with-arch-32=i686 --with-abi=m64 --with-multilib-list=m32,m64,mx32 --with-tune=generic --enable-checking=release --build=x86_64-linux-gnu --host=x86_64-linux-gnu --target=x86_64-linux-gnu
Thread model: posix
gcc version 4.8.2 (Ubuntu 4.8.2-19ubuntu1) 
configure:3388: $? = 0
configure:3377: gcc -V >&5
gcc: error: unrecognized command line option '-V'
gcc: fatal error: no input files
compilation terminated.
configure:3388: $? = 4
configure:3377: gcc -qversion >&5
gcc: error: unrecognized command line option '-qversion'
gcc: fatal error: no input files
compilation terminated.
configure:3388: $? = 4
configure:3408: checking whether the C compiler works
configure:3430: gcc    conftest.c  >&5
configure:3434: $? = 0
configure:3482: result: yes
configure:3485: checking for C compiler default output file name
configure:3487: result: a.out
configure:3493: checking for suffix of executables
configure:3500: gcc -o conftest    conftest.c  >&5
configure:3504: $? = 0
configure:3526: result: 
configure:3548: checking whether we are cross compiling
configure:3556: gcc -o conftest    conftest.c  >&5
configure:3560: $? = 0
configure:3567: ./conftest
configure:3571: $? = 0
configure:3586: result: no
configure:3591: checking for suffix of object files
configure:3613: gcc -c   conftest.c >&5
configure:3617: $? = 0
configure:3638: result: o
configure:3642: checking whether we are using the GNU C compiler
configure:3661: gcc -c   conftest.c >&5
configure:3661: $? = 0
configure:3670: result: yes
configure:3679: checking whether gcc accepts -g
configure:3699: gcc -c -g  conftest.c >&5
configure:3699: $? = 0
configure:3740: result: yes
configure:3757: checking for gcc option to accept ISO C89
configure:3820: gcc  -c -g -O2  conftest.c >&5
configure:3820: $? = 0
configure:3833: result: none needed
configure:3858: checking whether gcc understands -c and -o together
configure:3880: gcc -c conftest.c -o conftest2.o
configure:3883: $? = 0
configure:3880: gcc -c conftest.c -o conftest2.o
configure:3883: $? = 0
configure:3895: result: yes
configure:3914: checking dependency style of gcc
configure:4025: result: gcc3
configure:4040: checking for a sed that does not truncate output
configure:4104: result: /bin/sed
configure:4122: checking for grep that handles long lines and -e
configure:4180: result: /bin/grep
configure:4185: checking for egrep
configure:4247: result: /bin/grep -E
configure:4252: checking for fgrep
configure:4314: result: /bin/grep -F
configure:4349: checking for ld used by gcc
configure:4416: result: /usr/bin/ld
configure:4423: checking if the linker (/usr/bin/ld) is GNU ld
configure:4438: result: yes
configure:4450: checking for BSD- or MS-compatible name lister (nm)
configure:4499: result: /usr/bin/nm -B
configure:4629: checking the name lister (/usr/bin/nm -B) interface
configure:4636: gcc -c -g -O2  conftest.c >&5
configure:4639: /usr/bin/nm -B "conftest.o"
configure:4642: output
0000000000000000 B some_variable
configure:4649: result: BSD nm
configure:4652: checking whether ln -s works
configure:4656: result: yes
configure:4664: checking the maximum length of command line arguments
configure:4795: result: 1572864
configure:4812: checking whether the shell understands some XSI constructs
configure:4822: result: yes
configure:4826: checking whether the shell understands "+="
configure:4832: result: yes
configure:4867: checking how to convert x86_64-unknown-linux-gnu file names to x86_64-unknown-linux-gnu format
configure:4907: result: func_convert_file_noop
configure:4914: checking how to convert x86_64-unknown-linux-gnu file names to toolchain format
configure:4934: result: func_convert_file_noop
configure:4941: checking for /usr/bin/ld option to reload object files
configure:4948: result: -r
configure:5022: checking for objdump
configure:5038: found /usr/bin/objdump
configure:5049: result: objdump
configure:5081: checking how to recognize dependent libraries
configure:5279: result: pass_all
configure:5364: checking for dlltool
configure:5394: result: no
configure:5424: checking how to associate runtime and link libraries
configure:5451: result: printf %s\n
configure:5512: checking for ar
configure:5528: found /usr/bin/ar
configure:5539: result: ar
configure:5576: checking for archiver @FILE support
configure:5593: gcc -c -g -O2  conftest.c >&5
configure:5593: $? = 0
configure:5596: ar cru libconftest.a @conftest.lst >&5
configure:5599: $? = 0
configure:5604: ar cru libconftest.a @conftest.lst >&5
ar: conftest.o: No such file or directory
configure:5607: $? = 1
configure:5619: result: @
configure:5677: checking for strip
configure:5693: found /usr/bin/strip
configure:5704: result: strip
configure:5776: checking for ranlib
configure:5792: found /usr/bin/ranlib
configure:5803: result: ranlib
configure:5905: checking command to parse /usr/bin/nm -B output from gcc object
configure:6025: gcc -c -g -O2  conftest.c >&5
configure:6028: $? = 0
configure:6032: /usr/bin/nm -B conftest.o \| sed -n -e 's/^.*[ ]\([ABCDGIRSTW][ABCDGIRSTW]*\)[ ][ ]*\([_A-Za-z][_A-Za-z0-9]*\)$/\1 \2 \2/p' | sed '/ __gnu_lto/d' \> conftest.nm
configure:6035: $? = 0
configure:6101: gcc -o conftest -g -O2   conftest.c conftstm.o >&5
configure:6104: $? = 0
configure:6142: result: ok
configure:6179: checking for sysroot
configure:6209: result: no
configure:6286: gcc -c -g -O2  conftest.c >&5
configure:6289: $? = 0
configure:6478: checking for mt
configure:6494: found /bin/mt
configure:6505: result: mt
configure:6528: checking if mt is a manifest tool
configure:6534: mt '-?'
configure:6542: result: no
configure:7184: checking how to run the C preprocessor
configure:7215: gcc -E  conftest.c
configure:7215: $? = 0
configure:7229: gcc -E  conftest.c
conftest.c:11:28: fatal error: ac_nonexistent.h: No such file or directory
 #include <ac_nonexistent.h>
                            ^
compilation terminated.
configure:7229: $? = 1
configure: failed program was:
| /* confdefs.h */
| #define PACKAGE_NAME "skeltrack"
| #define PACKAGE_TARNAME "skeltrack"
| #define PACKAGE_VERSION "0.1.14"
| #define PACKAGE_STRING "skeltrack 0.1.14"
| #define PACKAGE_BUGREPORT "http://labs.igalia.com/skeltrack"
| #define PACKAGE_URL ""
| #define PACKAGE "skeltrack"
| #define VERSION "0.1.14"
| /* end confdefs.h.  */
| #include <ac_nonexistent.h>
configure:7254: result: gcc -E
configure:7274: gcc -E  conftest.c
configure:7274: $? = 0
configure:7288: gcc -E  conftest.c
conftest.c:11:28: fatal error: ac_nonexistent.h: No such file or directory
 #include <ac_nonexistent.h>
                            ^
compilation terminated.
configure:7288: $? = 1
configure: failed program was:
| /* confdefs.h */
| #define PACKAGE_NAME "skeltrack"
| #define PACKAGE_TARNAME "skeltrack"
| #define PACKAGE_VERSION "0.1.14"
| #define PACKAGE_STRING "skeltrack 0.1.14"
| #define PACKAGE_BUGREPORT "http://labs.igalia.com/skeltrack"
| #define PACKAGE_URL ""
| #define PACKAGE "skeltrack"
| #define VERSION "0.1.14"
| /* end confdefs.h.  */
| #include <ac_nonexistent.h>
configure:7317: checking for ANSI C header files
configure:7337: gcc -c -g -O2  conftest.c >&5
configure:7337: $? = 0
configure:7410: gcc -o conftest -g -O2   conftest.c  >&5
configure:7410: $? = 0
configure:7410: ./conftest
configure:7410: $? = 0
configure:7421: result: yes
configure:7434: checking for sys/types.h
configure:7434: gcc -c -g -O2  conftest.c >&5
configure:7434: $? = 0
configure:7434: result: yes
configure:7434: checking for sys/stat.h
configure:7434: gcc -c -g -O2  conftest.c >&5
configure:7434: $? = 0
configure:7434: result: yes
configure:7434: checking for stdlib.h
configure:7434: gcc -c -g -O2  conftest.c >&5
configure:7434: $? = 0
configure:7434: result: yes
configure:7434: checking for string.h
configure:7434: gcc -c -g -O2  conftest.c >&5
configure:7434: $? = 0
configure:7434: result: yes
configure:7434: checking for memory.h
configure:7434: gcc -c -g -O2  conftest.c >&5
configure:7434: $? = 0
configure:7434: result: yes
configure:7434: checking for strings.h
configure:7434: gcc -c -g -O2  conftest.c >&5
configure:7434: $? = 0
configure:7434: result: yes
configure:7434: checking for inttypes.h
configure:7434: gcc -c -g -O2  conftest.c >&5
configure:7434: $? = 0
configure:7434: result: yes
configure:7434: checking for stdint.h
configure:7434: gcc -c -g -O2  conftest.c >&5
configure:7434: $? = 0
configure:7434: result: yes
configure:7434: checking for unistd.h
configure:7434: gcc -c -g -O2  conftest.c >&5
configure:7434: $? = 0
configure:7434: result: yes
configure:7448: checking for dlfcn.h
configure:7448: gcc -c -g -O2  conftest.c >&5
configure:7448: $? = 0
configure:7448: result: yes
configure:7654: checking for objdir
configure:7669: result: .libs
configure:7940: checking if gcc supports -fno-rtti -fno-exceptions
configure:7958: gcc -c -g -O2  -fno-rtti -fno-exceptions conftest.c >&5
cc1: warning: command line option '-fno-rtti' is valid for C++/ObjC++ but not for C [enabled by default]
configure:7962: $? = 0
configure:7975: result: no
configure:8302: checking for gcc option to produce PIC
configure:8309: result: -fPIC -DPIC
configure:8317: checking if gcc PIC flag -fPIC -DPIC works
configure:8335: gcc -c -g -O2  -fPIC -DPIC -DPIC conftest.c >&5
configure:8339: $? = 0
configure:8352: result: yes
configure:8381: checking if gcc static flag -static works
configure:8409: result: yes
configure:8424: checking if gcc supports -c -o file.o
configure:8445: gcc -c -g -O2  -o out/conftest2.o conftest.c >&5
configure:8449: $? = 0
configure:8471: result: yes
configure:8479: checking if gcc supports -c -o file.o
configure:8526: result: yes
configure:8559: checking whether the gcc linker (/usr/bin/ld -m elf_x86_64) supports shared libraries
configure:9716: result: yes
configure:9753: checking whether -lc should be explicitly linked in
configure:9761: gcc -c -g -O2  conftest.c >&5
configure:9764: $? = 0
configure:9779: gcc -shared  -fPIC -DPIC conftest.o  -v -Wl,-soname -Wl,conftest -o conftest 2\>\&1 \| /bin/grep  -lc  \>/dev/null 2\>\&1
configure:9782: $? = 0
configure:9796: result: no
configure:9956: checking dynamic linker characteristics
configure:10456: gcc -o conftest -g -O2   -Wl,-rpath -Wl,/foo conftest.c  >&5
configure:10456: $? = 0
configure:10690: result: GNU/Linux ld.so
configure:10797: checking how to hardcode library paths into programs
configure:10822: result: immediate
configure:11362: checking whether stripping libraries is possible
configure:11367: result: yes
configure:11402: checking if libtool supports shared libraries
configure:11404: result: yes
configure:11407: checking whether to build shared libraries
configure:11428: result: yes
configure:11431: checking whether to build static libraries
configure:11435: result: yes
configure:11520: checking for gcc
configure:11547: result: gcc
configure:11776: checking for C compiler version
configure:11785: gcc --version >&5
gcc (Ubuntu 4.8.2-19ubuntu1) 4.8.2
Copyright (C) 2013 Free Software Foundation, Inc.
This is free software; see the source for copying conditions.  There is NO
warranty; not even for MERCHANTABILITY or FITNESS FOR A PARTICULAR PURPOSE.

configure:11796: $? = 0
configure:11785: gcc -v >&5
Using built-in specs.
COLLECT_GCC=gcc
COLLECT_LTO_WRAPPER=/usr/lib/gcc/x86_64-linux-gnu/4.8/lto-wrapper
Target: x86_64-linux-gnu
Configured with: ../src/configure -v --with-pkgversion='Ubuntu 4.8.2-19ubuntu1' --with-bugurl=file:///usr/share/doc/gcc-4.8/README.Bugs --enable-languages=c,c++,java,go,d,fortran,objc,obj-c++ --prefix=/usr --program-suffix=-4.8 --enable-shared --enable-linker-build-id --libexecdir=/usr/lib --without-included-gettext --enable-threads=posix --with-gxx-include-dir=/usr/include/c++/4.8 --libdir=/usr/lib --enable-nls --with-sysroot=/ --enable-clocale=gnu --enable-libstdcxx-debug --enable-libstdcxx-time=yes --enable-gnu-unique-object --disable-libmudflap --enable-plugin --with-system-zlib --disable-browser-plugin --enable-java-awt=gtk --enable-gtk-cairo --with-java-home=/usr/lib/jvm/java-1.5.0-gcj-4.8-amd64/jre --enable-java-home --with-jvm-root-dir=/usr/lib/jvm/java-1.5.0-gcj-4.8-amd64 --with-jvm-jar-dir=/usr/lib/jvm-exports/java-1.5.0-gcj-4.8-amd64 --with-arch-directory=amd64 --with-ecj-jar=/usr/share/java/eclipse-ecj.jar --enable-objc-gc --enable-multiarch --disable-werror --with-arch-32=i686 --with-abi=m64 --with-multilib-list=m32,m64,mx32 --with-tune=generic --enable-checking=release --build=x86_64-linux-gnu --host=x86_64-linux-gnu --target=x86_64-linux-gnu
Thread model: posix
gcc version 4.8.2 (Ubuntu 4.8.2-19ubuntu1) 
configure:11796: $? = 0
configure:11785: gcc -V >&5
gcc: error: unrecognized command line option '-V'
gcc: fatal error: no input files
compilation terminated.
configure:11796: $? = 4
configure:11785: gcc -qversion >&5
gcc: error: unrecognized command line option '-qversion'
gcc: fatal error: no input files
compilation terminated.
configure:11796: $? = 4
configure:11800: checking whether we are using the GNU C compiler
configure:11828: result: yes
configure:11837: checking whether gcc accepts -g
configure:11898: result: yes
configure:11915: checking for gcc option to accept ISO C89
configure:11991: result: none needed
configure:12016: checking whether gcc understands -c and -o together
configure:12053: result: yes
configure:12072: checking dependency style of gcc
configure:12183: result: gcc3
configure:12256: checking for pkg-config
configure:12274: found /usr/bin/pkg-config
configure:12286: result: /usr/bin/pkg-config
configure:12311: checking pkg-config is at least version 0.9.0
configure:12314: result: yes
configure:12328: checking for GLIB
configure:12338: $PKG_CONFIG --exists --print-errors "gio-2.0 >= $GLIB_REQUIRED
		        glib-2.0 >= $GLIB_REQUIRED
		        gthread-2.0 >= $GLIB_REQUIRED
		        gobject-2.0 >= $GLIB_REQUIRED"
configure:12344: $? = 0
configure:12364: $PKG_CONFIG --exists --print-errors "gio-2.0 >= $GLIB_REQUIRED
		        glib-2.0 >= $GLIB_REQUIRED
		        gthread-2.0 >= $GLIB_REQUIRED
		        gobject-2.0 >= $GLIB_REQUIRED"
configure:12370: $? = 0
configure:12440: result: yes
configure:12460: checking for EXAMPLES_DEPS
configure:12469: $PKG_CONFIG --exists --print-errors "gfreenect-0.1 >= GFREENECT_REQUIRED
                                 clutter-1.0 >= CLUTTER_REQUIRED
                                 cairo >= CAIRO_REQUIRED"
configure:12474: $? = 0
configure:12492: $PKG_CONFIG --exists --print-errors "gfreenect-0.1 >= GFREENECT_REQUIRED
                                 clutter-1.0 >= CLUTTER_REQUIRED
                                 cairo >= CAIRO_REQUIRED"
configure:12497: $? = 0
configure:12541: result: yes
configure:12567: checking for gobject-introspection
configure:12598: $PKG_CONFIG --exists --print-errors "gobject-introspection-1.0 >= 0.6.7"
Package gobject-introspection-1.0 was not found in the pkg-config search path.
Perhaps you should add the directory containing `gobject-introspection-1.0.pc'
to the PKG_CONFIG_PATH environment variable
No package 'gobject-introspection-1.0' found
configure:12601: $? = 1
configure:12613: result: no
configure:12666: checking for gtk-doc
configure:12669: $PKG_CONFIG --exists --print-errors "$gtk_doc_requires"
configure:12672: $? = 0
configure:12678: result: yes
configure:12692: checking for gtkdoc-check
configure:12708: found /usr/bin/gtkdoc-check
configure:12719: result: gtkdoc-check.test
configure:12729: checking for gtkdoc-check
configure:12747: found /usr/bin/gtkdoc-check
configure:12759: result: /usr/bin/gtkdoc-check
configure:12771: checking for gtkdoc-rebase
configure:12789: found /usr/bin/gtkdoc-rebase
configure:12801: result: /usr/bin/gtkdoc-rebase
configure:12815: checking for gtkdoc-mkpdf
configure:12833: found /usr/bin/gtkdoc-mkpdf
configure:12845: result: /usr/bin/gtkdoc-mkpdf
configure:12873: checking whether to build gtk-doc documentation
configure:12875: result: no
configure:12888: checking for GTKDOC_DEPS
configure:12895: $PKG_CONFIG --exists --print-errors "glib-2.0 >= 2.10.0 gobject-2.0  >= 2.10.0"
configure:12898: $? = 0
configure:12912: $PKG_CONFIG --exists --print-errors "glib-2.0 >= 2.10.0 gobject-2.0  >= 2.10.0"
configure:12915: $? = 0
configure:12953: result: yes
configure:13053: checking whether make supports nested variables
configure:13070: result: yes
configure:13230: checking that generated files are newer than configure
configure:13236: result: done
configure:13307: creating ./config.status

## ---------------------- ##
## Running config.status. ##
## ---------------------- ##

This file was extended by skeltrack config.status 0.1.14, which was
generated by GNU Autoconf 2.69.  Invocation command line was

  CONFIG_FILES    = 
  CONFIG_HEADERS  = 
  CONFIG_LINKS    = 
  CONFIG_COMMANDS = 
  $ ./config.status 

on david-N53SM

config.status:1142: creating Makefile
config.status:1142: creating skeltrack/Makefile
config.status:1142: creating skeltrack/skeltrack-0.1.pc
config.status:1142: creating doc/Makefile
config.status:1142: creating doc/reference/Makefile
config.status:1142: creating examples/Makefile
config.status:1142: creating tests/Makefile
config.status:1142: creating config.h
config.status:1323: config.h is unchanged
config.status:1371: executing depfiles commands
config.status:1371: executing libtool commands

## ---------------- ##
## Cache variables. ##
## ---------------- ##

ac_cv_build=x86_64-unknown-linux-gnu
ac_cv_c_compiler_gnu=yes
ac_cv_env_CC_set=
ac_cv_env_CC_value=
ac_cv_env_CFLAGS_set=
ac_cv_env_CFLAGS_value=
ac_cv_env_CPPFLAGS_set=
ac_cv_env_CPPFLAGS_value=
ac_cv_env_CPP_set=
ac_cv_env_CPP_value=
ac_cv_env_EXAMPLES_DEPS_CFLAGS_set=
ac_cv_env_EXAMPLES_DEPS_CFLAGS_value=
ac_cv_env_EXAMPLES_DEPS_LIBS_set=
ac_cv_env_EXAMPLES_DEPS_LIBS_value=
ac_cv_env_GLIB_CFLAGS_set=
ac_cv_env_GLIB_CFLAGS_value=
ac_cv_env_GLIB_LIBS_set=
ac_cv_env_GLIB_LIBS_value=
ac_cv_env_GTKDOC_DEPS_CFLAGS_set=
ac_cv_env_GTKDOC_DEPS_CFLAGS_value=
ac_cv_env_GTKDOC_DEPS_LIBS_set=
ac_cv_env_GTKDOC_DEPS_LIBS_value=
ac_cv_env_LDFLAGS_set=
ac_cv_env_LDFLAGS_value=
ac_cv_env_LIBS_set=
ac_cv_env_LIBS_value=
ac_cv_env_PKG_CONFIG_LIBDIR_set=
ac_cv_env_PKG_CONFIG_LIBDIR_value=
ac_cv_env_PKG_CONFIG_PATH_set=
ac_cv_env_PKG_CONFIG_PATH_value=
ac_cv_env_PKG_CONFIG_set=
ac_cv_env_PKG_CONFIG_value=
ac_cv_env_build_alias_set=
ac_cv_env_build_alias_value=
ac_cv_env_host_alias_set=
ac_cv_env_host_alias_value=
ac_cv_env_target_alias_set=
ac_cv_env_target_alias_value=
ac_cv_header_dlfcn_h=yes
ac_cv_header_inttypes_h=yes
ac_cv_header_memory_h=yes
ac_cv_header_stdc=yes
ac_cv_header_stdint_h=yes
ac_cv_header_stdlib_h=yes
ac_cv_header_string_h=yes
ac_cv_header_strings_h=yes
ac_cv_header_sys_stat_h=yes
ac_cv_header_sys_types_h=yes
ac_cv_header_unistd_h=yes
ac_cv_host=x86_64-unknown-linux-gnu
ac_cv_objext=o
ac_cv_path_EGREP='/bin/grep -E'
ac_cv_path_FGREP='/bin/grep -F'
ac_cv_path_GREP=/bin/grep
ac_cv_path_GTKDOC_CHECK_PATH=/usr/bin/gtkdoc-check
ac_cv_path_GTKDOC_MKPDF=/usr/bin/gtkdoc-mkpdf
ac_cv_path_GTKDOC_REBASE=/usr/bin/gtkdoc-rebase
ac_cv_path_SED=/bin/sed
ac_cv_path_ac_pt_PKG_CONFIG=/usr/bin/pkg-config
ac_cv_path_install='/usr/bin/install -c'
ac_cv_path_mkdir=/bin/mkdir
ac_cv_prog_AWK=mawk
ac_cv_prog_CPP='gcc -E'
ac_cv_prog_GTKDOC_CHECK=gtkdoc-check.test
ac_cv_prog_ac_ct_AR=ar
ac_cv_prog_ac_ct_CC=gcc
ac_cv_prog_ac_ct_MANIFEST_TOOL=mt
ac_cv_prog_ac_ct_OBJDUMP=objdump
ac_cv_prog_ac_ct_RANLIB=ranlib
ac_cv_prog_ac_ct_STRIP=strip
ac_cv_prog_cc_c89=
ac_cv_prog_cc_g=yes
ac_cv_prog_make_make_set=yes
am_cv_CC_dependencies_compiler_type=gcc3
am_cv_make_support_nested_variables=yes
am_cv_prog_cc_c_o=yes
lt_cv_ar_at_file=@
lt_cv_archive_cmds_need_lc=no
lt_cv_deplibs_check_method=pass_all
lt_cv_file_magic_cmd='$MAGIC_CMD'
lt_cv_file_magic_test_file=
lt_cv_ld_reload_flag=-r
lt_cv_nm_interface='BSD nm'
lt_cv_objdir=.libs
lt_cv_path_LD=/usr/bin/ld
lt_cv_path_NM='/usr/bin/nm -B'
lt_cv_path_mainfest_tool=no
lt_cv_prog_compiler_c_o=yes
lt_cv_prog_compiler_pic='-fPIC -DPIC'
lt_cv_prog_compiler_pic_works=yes
lt_cv_prog_compiler_rtti_exceptions=no
lt_cv_prog_compiler_static_works=yes
lt_cv_prog_gnu_ld=yes
lt_cv_sharedlib_from_linklib_cmd='printf %s\n'
lt_cv_shlibpath_overrides_runpath=no
lt_cv_sys_global_symbol_pipe='sed -n -e '\''s/^.*[	 ]\([ABCDGIRSTW][ABCDGIRSTW]*\)[	 ][	 ]*\([_A-Za-z][_A-Za-z0-9]*\)$/\1 \2 \2/p'\'' | sed '\''/ __gnu_lto/d'\'''
lt_cv_sys_global_symbol_to_c_name_address='sed -n -e '\''s/^: \([^ ]*\)[ ]*$/  {\"\1\", (void *) 0},/p'\'' -e '\''s/^[ABCDGIRSTW]* \([^ ]*\) \([^ ]*\)$/  {"\2", (void *) \&\2},/p'\'''
lt_cv_sys_global_symbol_to_c_name_address_lib_prefix='sed -n -e '\''s/^: \([^ ]*\)[ ]*$/  {\"\1\", (void *) 0},/p'\'' -e '\''s/^[ABCDGIRSTW]* \([^ ]*\) \(lib[^ ]*\)$/  {"\2", (void *) \&\2},/p'\'' -e '\''s/^[ABCDGIRSTW]* \([^ ]*\) \([^ ]*\)$/  {"lib\2", (void *) \&\2},/p'\'''
lt_cv_sys_global_symbol_to_cdecl='sed -n -e '\''s/^T .* \(.*\)$/extern int \1();/p'\'' -e '\''s/^[ABCDGIRSTW]* .* \(.*\)$/extern char \1;/p'\'''
lt_cv_sys_max_cmd_len=1572864
lt_cv_to_host_file_cmd=func_convert_file_noop
lt_cv_to_tool_file_cmd=func_convert_file_noop
pkg_cv_EXAMPLES_DEPS_CFLAGS='-pthread -I/usr/local/include/gfreenect-0.1 -I/usr/local/include/libfreenect -I/usr/local/include/libusb-1.0 -I/usr/include/glib-2.0 -I/usr/lib/x86_64-linux-gnu/glib-2.0/include -I/usr/include/clutter-1.0 -I/usr/include/pango-1.0 -I/usr/include/cogl -I/usr/include/cairo -I/usr/include/atk-1.0 -I/usr/include/json-glib-1.0 -I/usr/include/gtk-3.0 -I/usr/include/harfbuzz -I/usr/include/freetype2 -I/usr/include/gdk-pixbuf-2.0 -I/usr/include/libdrm -I/usr/include/libpng12 -I/usr/include/pixman-1 -I/usr/include/gio-unix-2.0/  '
pkg_cv_EXAMPLES_DEPS_LIBS='-pthread -L/usr/local/lib -lgfreenect-0.1 -lfreenect -lclutter-1.0 -latk-1.0 -lcogl-pango -ljson-glib-1.0 -lgdk-3 -lXi -lcogl -lgmodule-2.0 -lwayland-egl -lgbm -ldrm -lwayland-server -lEGL -lX11 -lXext -lXdamage -lXcomposite -lXrandr -lwayland-client -lgio-2.0 -lpangocairo-1.0 -lgdk_pixbuf-2.0 -lcairo-gobject -lpango-1.0 -lgobject-2.0 -lglib-2.0 -lXfixes -lcairo  '
pkg_cv_GLIB_CFLAGS='-pthread -I/usr/include/glib-2.0 -I/usr/lib/x86_64-linux-gnu/glib-2.0/include  '
pkg_cv_GLIB_LIBS='-pthread -lgio-2.0 -lgthread-2.0 -lgobject-2.0 -lglib-2.0  '
pkg_cv_GTKDOC_DEPS_CFLAGS='-I/usr/include/glib-2.0 -I/usr/lib/x86_64-linux-gnu/glib-2.0/include  '
pkg_cv_GTKDOC_DEPS_LIBS='-lgobject-2.0 -lglib-2.0  '

## ----------------- ##
## Output variables. ##
## ----------------- ##

ACLOCAL='${SHELL} /home/david/Skeltrack/missing aclocal-1.14'
AMDEPBACKSLASH='\'
AMDEP_FALSE='#'
AMDEP_TRUE=''
AMTAR='$${TAR-tar}'
AM_BACKSLASH='\'
AM_DEFAULT_V='$(AM_DEFAULT_VERBOSITY)'
AM_DEFAULT_VERBOSITY='0'
AM_V='$(V)'
AR='ar'
AUTOCONF='${SHELL} /home/david/Skeltrack/missing autoconf'
AUTOHEADER='${SHELL} /home/david/Skeltrack/missing autoheader'
AUTOMAKE='${SHELL} /home/david/Skeltrack/missing automake-1.14'
AWK='mawk'
BUILD_GTK_DOC_FALSE=''
BUILD_GTK_DOC_TRUE='#'
CC='gcc'
CCDEPMODE='depmode=gcc3'
CFLAGS='-g -O2'
CPP='gcc -E'
CPPFLAGS=''
CYGPATH_W='echo'
DEFS='-DHAVE_CONFIG_H'
DEPDIR='.deps'
DLLTOOL='false'
DSYMUTIL=''
DUMPBIN=''
ECHO_C=''
ECHO_N='-n'
ECHO_T=''
EGREP='/bin/grep -E'
ENABLE_DEBUG_FALSE=''
ENABLE_DEBUG_TRUE='#'
ENABLE_EXAMPLES_FALSE='#'
ENABLE_EXAMPLES_TRUE=''
ENABLE_GTK_DOC_FALSE=''
ENABLE_GTK_DOC_TRUE='#'
ENABLE_TESTS_FALSE='#'
ENABLE_TESTS_TRUE=''
EXAMPLES_DEPS_CFLAGS='-pthread -I/usr/local/include/gfreenect-0.1 -I/usr/local/include/libfreenect -I/usr/local/include/libusb-1.0 -I/usr/include/glib-2.0 -I/usr/lib/x86_64-linux-gnu/glib-2.0/include -I/usr/include/clutter-1.0 -I/usr/include/pango-1.0 -I/usr/include/cogl -I/usr/include/cairo -I/usr/include/atk-1.0 -I/usr/include/json-glib-1.0 -I/usr/include/gtk-3.0 -I/usr/include/harfbuzz -I/usr/include/freetype2 -I/usr/include/gdk-pixbuf-2.0 -I/usr/include/libdrm -I/usr/include/libpng12 -I/usr/include/pixman-1 -I/usr/include/gio-unix-2.0/  '
EXAMPLES_DEPS_LIBS='-pthread -L/usr/local/lib -lgfreenect-0.1 -lfreenect -lclutter-1.0 -latk-1.0 -lcogl-pango -ljson-glib-1.0 -lgdk-3 -lXi -lcogl -lgmodule-2.0 -lwayland-egl -lgbm -ldrm -lwayland-server -lEGL -lX11 -lXext -lXdamage -lXcomposite -lXrandr -lwayland-client -lgio-2.0 -lpangocairo-1.0 -lgdk_pixbuf-2.0 -lcairo-gobject -lpango-1.0 -lgobject-2.0 -lglib-2.0 -lXfixes -lcairo  '
EXEEXT=''
FGREP='/bin/grep -F'
GLIB_CFLAGS='-pthread -I/usr/include/glib-2.0 -I/usr/lib/x86_64-linux-gnu/glib-2.0/include  '
GLIB_LIBS='-pthread -lgio-2.0 -lgthread-2.0 -lgobject-2.0 -lglib-2.0  '
GREP='/bin/grep'
GTKDOC_CHECK='gtkdoc-check.test'
GTKDOC_CHECK_PATH='/usr/bin/gtkdoc-check'
GTKDOC_DEPS_CFLAGS='-I/usr/include/glib-2.0 -I/usr/lib/x86_64-linux-gnu/glib-2.0/include  '
GTKDOC_DEPS_LIBS='-lgobject-2.0 -lglib-2.0  '
GTKDOC_MKPDF='/usr/bin/gtkdoc-mkpdf'
GTKDOC_REBASE='/usr/bin/gtkdoc-rebase'
GTK_DOC_BUILD_HTML_FALSE='#'
GTK_DOC_BUILD_HTML_TRUE=''
GTK_DOC_BUILD_PDF_FALSE=''
GTK_DOC_BUILD_PDF_TRUE='#'
GTK_DOC_USE_LIBTOOL_FALSE='#'
GTK_DOC_USE_LIBTOOL_TRUE=''
GTK_DOC_USE_REBASE_FALSE='#'
GTK_DOC_USE_REBASE_TRUE=''
HAVE_GTK_DOC_FALSE='#'
HAVE_GTK_DOC_TRUE=''
HAVE_INTROSPECTION_FALSE=''
HAVE_INTROSPECTION_TRUE='#'
HTML_DIR='${datadir}/gtk-doc/html'
INSTALL_DATA='${INSTALL} -m 644'
INSTALL_PROGRAM='${INSTALL}'
INSTALL_SCRIPT='${INSTALL}'
INSTALL_STRIP_PROGRAM='$(install_sh) -c -s'
INTROSPECTION_CFLAGS=''
INTROSPECTION_COMPILER=''
INTROSPECTION_GENERATE=''
INTROSPECTION_GIRDIR=''
INTROSPECTION_LIBS=''
INTROSPECTION_MAKEFILE=''
INTROSPECTION_SCANNER=''
INTROSPECTION_TYPELIBDIR=''
LD='/usr/bin/ld -m elf_x86_64'
LDFLAGS=''
LIBOBJS=''
LIBS=''
LIBTOOL='$(SHELL) $(top_builddir)/libtool'
LIPO=''
LN_S='ln -s'
LTLIBOBJS=''
MAKEINFO='${SHELL} /home/david/Skeltrack/missing makeinfo'
MANIFEST_TOOL=':'
MKDIR_P='/bin/mkdir -p'
NM='/usr/bin/nm -B'
NMEDIT=''
OBJDUMP='objdump'
OBJEXT='o'
OTOOL64=''
OTOOL=''
PACKAGE='skeltrack'
PACKAGE_BUGREPORT='http://labs.igalia.com/skeltrack'
PACKAGE_NAME='skeltrack'
PACKAGE_STRING='skeltrack 0.1.14'
PACKAGE_TARNAME='skeltrack'
PACKAGE_URL=''
PACKAGE_VERSION='0.1.14'
PATH_SEPARATOR=':'
PKG_CONFIG='/usr/bin/pkg-config'
PKG_CONFIG_LIBDIR=''
PKG_CONFIG_PATH=''
PRJ_API_NAME='skeltrack-0.1'
PRJ_API_VERSION='0.1'
PRJ_GIR_API_NAME=''
PRJ_GIR_NAMESPACE=''
PRJ_GIR_TARGET_NAME=''
PRJ_NAME='skeltrack'
PRJ_VERSION='0.1.14'
RANLIB='ranlib'
SED='/bin/sed'
SET_MAKE=''
SHELL='/bin/bash'
STRIP='strip'
VERSION='0.1.14'
ac_ct_AR='ar'
ac_ct_CC='gcc'
ac_ct_DUMPBIN=''
am__EXEEXT_FALSE=''
am__EXEEXT_TRUE='#'
am__fastdepCC_FALSE='#'
am__fastdepCC_TRUE=''
am__include='include'
am__isrc=''
am__leading_dot='.'
am__nodep='_no'
am__quote=''
am__tar='$${TAR-tar} chof - "$$tardir"'
am__untar='$${TAR-tar} xf -'
bindir='${exec_prefix}/bin'
build='x86_64-unknown-linux-gnu'
build_alias=''
build_cpu='x86_64'
build_os='linux-gnu'
build_vendor='unknown'
datadir='${datarootdir}'
datarootdir='${prefix}/share'
docdir='${datarootdir}/doc/${PACKAGE_TARNAME}'
dvidir='${docdir}'
exec_prefix='${prefix}'
host='x86_64-unknown-linux-gnu'
host_alias=''
host_cpu='x86_64'
host_os='linux-gnu'
host_vendor='unknown'
htmldir='${docdir}'
includedir='${prefix}/include'
infodir='${datarootdir}/info'
install_sh='${SHELL} /home/david/Skeltrack/install-sh'
libdir='${exec_prefix}/lib'
libexecdir='${exec_prefix}/libexec'
localedir='${datarootdir}/locale'
localstatedir='${prefix}/var'
mandir='${datarootdir}/man'
mkdir_p='$(MKDIR_P)'
oldincludedir='/usr/include'
pdfdir='${docdir}'
prefix='/usr/local'
program_transform_name='s,x,x,'
psdir='${docdir}'
sbindir='${exec_prefix}/sbin'
sharedstatedir='${prefix}/com'
sysconfdir='${prefix}/etc'
target_alias=''

## ----------- ##
## confdefs.h. ##
## ----------- ##

/* confdefs.h */
#define PACKAGE_NAME "skeltrack"
#define PACKAGE_TARNAME "skeltrack"
#define PACKAGE_VERSION "0.1.14"
#define PACKAGE_STRING "skeltrack 0.1.14"
#define PACKAGE_BUGREPORT "http://labs.igalia.com/skeltrack"
#define PACKAGE_URL ""
#define PACKAGE "skeltrack"
#define VERSION "0.1.14"
#define STDC_HEADERS 1
#define HAVE_SYS_TYPES_H 1
#define HAVE_SYS_STAT_H 1
#define HAVE_STDLIB_H 1
#define HAVE_STRING_H 1
#define HAVE_MEMORY_H 1
#define HAVE_STRINGS_H 1
#define HAVE_INTTYPES_H 1
#define HAVE_STDINT_H 1
#define HAVE_UNISTD_H 1
#define HAVE_DLFCN_H 1
#define LT_OBJDIR ".libs/"

configure: exit 0
