This file contains any messages produced by compilers while
running configure, to aid debugging if configure makes a mistake.

It was created by gfreenect configure 0.1.5, which was
generated by GNU Autoconf 2.69.  Invocation command line was

  $ ./configure 

## --------- ##
## Platform. ##
## --------- ##

hostname = david-N53SM
uname -m = x86_64
uname -r = 3.16.0-36-generic
uname -s = Linux
uname -v = #48~14.04.1-Ubuntu SMP Wed Apr 15 13:11:28 UTC 2015

/usr/bin/uname -p = unknown
/bin/uname -X     = unknown

/bin/arch              = unknown
/usr/bin/arch -k       = unknown
/usr/convex/getsysinfo = unknown
/usr/bin/hostinfo      = unknown
/bin/machine           = unknown
/usr/bin/oslevel       = unknown
/bin/universe          = unknown

PATH: /opt/ros/indigo/bin
PATH: /usr/local/sbin
PATH: /usr/local/bin
PATH: /usr/sbin
PATH: /usr/bin
PATH: /sbin
PATH: /bin
PATH: /usr/games
PATH: /usr/local/games


## ----------- ##
## Core tests. ##
## ----------- ##

configure:2251: checking for a BSD-compatible install
configure:2319: result: /usr/bin/install -c
configure:2330: checking whether build environment is sane
configure:2385: result: yes
configure:2536: checking for a thread-safe mkdir -p
configure:2575: result: /bin/mkdir -p
configure:2582: checking for gawk
configure:2612: result: no
configure:2582: checking for mawk
configure:2598: found /usr/bin/mawk
configure:2609: result: mawk
configure:2620: checking whether make sets $(MAKE)
configure:2642: result: yes
configure:2671: checking whether make supports nested variables
configure:2688: result: yes
configure:2856: checking build system type
configure:2870: result: x86_64-unknown-linux-gnu
configure:2890: checking host system type
configure:2903: result: x86_64-unknown-linux-gnu
configure:2944: checking how to print strings
configure:2971: result: printf
configure:3004: checking for style of include used by make
configure:3032: result: GNU
configure:3103: checking for gcc
configure:3119: found /usr/bin/gcc
configure:3130: result: gcc
configure:3359: checking for C compiler version
configure:3368: gcc --version >&5
gcc (Ubuntu 4.8.2-19ubuntu1) 4.8.2
Copyright (C) 2013 Free Software Foundation, Inc.
This is free software; see the source for copying conditions.  There is NO
warranty; not even for MERCHANTABILITY or FITNESS FOR A PARTICULAR PURPOSE.

configure:3379: $? = 0
configure:3368: gcc -v >&5
Using built-in specs.
COLLECT_GCC=gcc
COLLECT_LTO_WRAPPER=/usr/lib/gcc/x86_64-linux-gnu/4.8/lto-wrapper
Target: x86_64-linux-gnu
Configured with: ../src/configure -v --with-pkgversion='Ubuntu 4.8.2-19ubuntu1' --with-bugurl=file:///usr/share/doc/gcc-4.8/README.Bugs --enable-languages=c,c++,java,go,d,fortran,objc,obj-c++ --prefix=/usr --program-suffix=-4.8 --enable-shared --enable-linker-build-id --libexecdir=/usr/lib --without-included-gettext --enable-threads=posix --with-gxx-include-dir=/usr/include/c++/4.8 --libdir=/usr/lib --enable-nls --with-sysroot=/ --enable-clocale=gnu --enable-libstdcxx-debug --enable-libstdcxx-time=yes --enable-gnu-unique-object --disable-libmudflap --enable-plugin --with-system-zlib --disable-browser-plugin --enable-java-awt=gtk --enable-gtk-cairo --with-java-home=/usr/lib/jvm/java-1.5.0-gcj-4.8-amd64/jre --enable-java-home --with-jvm-root-dir=/usr/lib/jvm/java-1.5.0-gcj-4.8-amd64 --with-jvm-jar-dir=/usr/lib/jvm-exports/java-1.5.0-gcj-4.8-amd64 --with-arch-directory=amd64 --with-ecj-jar=/usr/share/java/eclipse-ecj.jar --enable-objc-gc --enable-multiarch --disable-werror --with-arch-32=i686 --with-abi=m64 --with-multilib-list=m32,m64,mx32 --with-tune=generic --enable-checking=release --build=x86_64-linux-gnu --host=x86_64-linux-gnu --target=x86_64-linux-gnu
Thread model: posix
gcc version 4.8.2 (Ubuntu 4.8.2-19ubuntu1) 
configure:3379: $? = 0
configure:3368: gcc -V >&5
gcc: error: unrecognized command line option '-V'
gcc: fatal error: no input files
compilation terminated.
configure:3379: $? = 4
configure:3368: gcc -qversion >&5
gcc: error: unrecognized command line option '-qversion'
gcc: fatal error: no input files
compilation terminated.
configure:3379: $? = 4
configure:3399: checking whether the C compiler works
configure:3421: gcc    conftest.c  >&5
configure:3425: $? = 0
configure:3473: result: yes
configure:3476: checking for C compiler default output file name
configure:3478: result: a.out
configure:3484: checking for suffix of executables
configure:3491: gcc -o conftest    conftest.c  >&5
configure:3495: $? = 0
configure:3517: result: 
configure:3539: checking whether we are cross compiling
configure:3547: gcc -o conftest    conftest.c  >&5
configure:3551: $? = 0
configure:3558: ./conftest
configure:3562: $? = 0
configure:3577: result: no
configure:3582: checking for suffix of object files
configure:3604: gcc -c   conftest.c >&5
configure:3608: $? = 0
configure:3629: result: o
configure:3633: checking whether we are using the GNU C compiler
configure:3652: gcc -c   conftest.c >&5
configure:3652: $? = 0
configure:3661: result: yes
configure:3670: checking whether gcc accepts -g
configure:3690: gcc -c -g  conftest.c >&5
configure:3690: $? = 0
configure:3731: result: yes
configure:3748: checking for gcc option to accept ISO C89
configure:3811: gcc  -c -g -O2  conftest.c >&5
configure:3811: $? = 0
configure:3824: result: none needed
configure:3849: checking whether gcc understands -c and -o together
configure:3871: gcc -c conftest.c -o conftest2.o
configure:3874: $? = 0
configure:3871: gcc -c conftest.c -o conftest2.o
configure:3874: $? = 0
configure:3886: result: yes
configure:3905: checking dependency style of gcc
configure:4016: result: gcc3
configure:4031: checking for a sed that does not truncate output
configure:4095: result: /bin/sed
configure:4113: checking for grep that handles long lines and -e
configure:4171: result: /bin/grep
configure:4176: checking for egrep
configure:4238: result: /bin/grep -E
configure:4243: checking for fgrep
configure:4305: result: /bin/grep -F
configure:4340: checking for ld used by gcc
configure:4407: result: /usr/bin/ld
configure:4414: checking if the linker (/usr/bin/ld) is GNU ld
configure:4429: result: yes
configure:4441: checking for BSD- or MS-compatible name lister (nm)
configure:4490: result: /usr/bin/nm -B
configure:4620: checking the name lister (/usr/bin/nm -B) interface
configure:4627: gcc -c -g -O2  conftest.c >&5
configure:4630: /usr/bin/nm -B "conftest.o"
configure:4633: output
0000000000000000 B some_variable
configure:4640: result: BSD nm
configure:4643: checking whether ln -s works
configure:4647: result: yes
configure:4655: checking the maximum length of command line arguments
configure:4786: result: 1572864
configure:4803: checking whether the shell understands some XSI constructs
configure:4813: result: yes
configure:4817: checking whether the shell understands "+="
configure:4823: result: yes
configure:4858: checking how to convert x86_64-unknown-linux-gnu file names to x86_64-unknown-linux-gnu format
configure:4898: result: func_convert_file_noop
configure:4905: checking how to convert x86_64-unknown-linux-gnu file names to toolchain format
configure:4925: result: func_convert_file_noop
configure:4932: checking for /usr/bin/ld option to reload object files
configure:4939: result: -r
configure:5013: checking for objdump
configure:5029: found /usr/bin/objdump
configure:5040: result: objdump
configure:5072: checking how to recognize dependent libraries
configure:5270: result: pass_all
configure:5355: checking for dlltool
configure:5385: result: no
configure:5415: checking how to associate runtime and link libraries
configure:5442: result: printf %s\n
configure:5503: checking for ar
configure:5519: found /usr/bin/ar
configure:5530: result: ar
configure:5567: checking for archiver @FILE support
configure:5584: gcc -c -g -O2  conftest.c >&5
configure:5584: $? = 0
configure:5587: ar cru libconftest.a @conftest.lst >&5
configure:5590: $? = 0
configure:5595: ar cru libconftest.a @conftest.lst >&5
ar: conftest.o: No such file or directory
configure:5598: $? = 1
configure:5610: result: @
configure:5668: checking for strip
configure:5684: found /usr/bin/strip
configure:5695: result: strip
configure:5767: checking for ranlib
configure:5783: found /usr/bin/ranlib
configure:5794: result: ranlib
configure:5896: checking command to parse /usr/bin/nm -B output from gcc object
configure:6016: gcc -c -g -O2  conftest.c >&5
configure:6019: $? = 0
configure:6023: /usr/bin/nm -B conftest.o \| sed -n -e 's/^.*[ ]\([ABCDGIRSTW][ABCDGIRSTW]*\)[ ][ ]*\([_A-Za-z][_A-Za-z0-9]*\)$/\1 \2 \2/p' | sed '/ __gnu_lto/d' \> conftest.nm
configure:6026: $? = 0
configure:6092: gcc -o conftest -g -O2   conftest.c conftstm.o >&5
configure:6095: $? = 0
configure:6133: result: ok
configure:6170: checking for sysroot
configure:6200: result: no
configure:6277: gcc -c -g -O2  conftest.c >&5
configure:6280: $? = 0
configure:6469: checking for mt
configure:6485: found /bin/mt
configure:6496: result: mt
configure:6519: checking if mt is a manifest tool
configure:6525: mt '-?'
configure:6533: result: no
configure:7175: checking how to run the C preprocessor
configure:7206: gcc -E  conftest.c
configure:7206: $? = 0
configure:7220: gcc -E  conftest.c
conftest.c:11:28: fatal error: ac_nonexistent.h: No such file or directory
 #include <ac_nonexistent.h>
                            ^
compilation terminated.
configure:7220: $? = 1
configure: failed program was:
| /* confdefs.h */
| #define PACKAGE_NAME "gfreenect"
| #define PACKAGE_TARNAME "gfreenect"
| #define PACKAGE_VERSION "0.1.5"
| #define PACKAGE_STRING "gfreenect 0.1.5"
| #define PACKAGE_BUGREPORT "http://labs.igalia.com/gfreenect"
| #define PACKAGE_URL ""
| #define PACKAGE "gfreenect"
| #define VERSION "0.1.5"
| /* end confdefs.h.  */
| #include <ac_nonexistent.h>
configure:7245: result: gcc -E
configure:7265: gcc -E  conftest.c
configure:7265: $? = 0
configure:7279: gcc -E  conftest.c
conftest.c:11:28: fatal error: ac_nonexistent.h: No such file or directory
 #include <ac_nonexistent.h>
                            ^
compilation terminated.
configure:7279: $? = 1
configure: failed program was:
| /* confdefs.h */
| #define PACKAGE_NAME "gfreenect"
| #define PACKAGE_TARNAME "gfreenect"
| #define PACKAGE_VERSION "0.1.5"
| #define PACKAGE_STRING "gfreenect 0.1.5"
| #define PACKAGE_BUGREPORT "http://labs.igalia.com/gfreenect"
| #define PACKAGE_URL ""
| #define PACKAGE "gfreenect"
| #define VERSION "0.1.5"
| /* end confdefs.h.  */
| #include <ac_nonexistent.h>
configure:7308: checking for ANSI C header files
configure:7328: gcc -c -g -O2  conftest.c >&5
configure:7328: $? = 0
configure:7401: gcc -o conftest -g -O2   conftest.c  >&5
configure:7401: $? = 0
configure:7401: ./conftest
configure:7401: $? = 0
configure:7412: result: yes
configure:7425: checking for sys/types.h
configure:7425: gcc -c -g -O2  conftest.c >&5
configure:7425: $? = 0
configure:7425: result: yes
configure:7425: checking for sys/stat.h
configure:7425: gcc -c -g -O2  conftest.c >&5
configure:7425: $? = 0
configure:7425: result: yes
configure:7425: checking for stdlib.h
configure:7425: gcc -c -g -O2  conftest.c >&5
configure:7425: $? = 0
configure:7425: result: yes
configure:7425: checking for string.h
configure:7425: gcc -c -g -O2  conftest.c >&5
configure:7425: $? = 0
configure:7425: result: yes
configure:7425: checking for memory.h
configure:7425: gcc -c -g -O2  conftest.c >&5
configure:7425: $? = 0
configure:7425: result: yes
configure:7425: checking for strings.h
configure:7425: gcc -c -g -O2  conftest.c >&5
configure:7425: $? = 0
configure:7425: result: yes
configure:7425: checking for inttypes.h
configure:7425: gcc -c -g -O2  conftest.c >&5
configure:7425: $? = 0
configure:7425: result: yes
configure:7425: checking for stdint.h
configure:7425: gcc -c -g -O2  conftest.c >&5
configure:7425: $? = 0
configure:7425: result: yes
configure:7425: checking for unistd.h
configure:7425: gcc -c -g -O2  conftest.c >&5
configure:7425: $? = 0
configure:7425: result: yes
configure:7439: checking for dlfcn.h
configure:7439: gcc -c -g -O2  conftest.c >&5
configure:7439: $? = 0
configure:7439: result: yes
configure:7645: checking for objdir
configure:7660: result: .libs
configure:7931: checking if gcc supports -fno-rtti -fno-exceptions
configure:7949: gcc -c -g -O2  -fno-rtti -fno-exceptions conftest.c >&5
cc1: warning: command line option '-fno-rtti' is valid for C++/ObjC++ but not for C [enabled by default]
configure:7953: $? = 0
configure:7966: result: no
configure:8293: checking for gcc option to produce PIC
configure:8300: result: -fPIC -DPIC
configure:8308: checking if gcc PIC flag -fPIC -DPIC works
configure:8326: gcc -c -g -O2  -fPIC -DPIC -DPIC conftest.c >&5
configure:8330: $? = 0
configure:8343: result: yes
configure:8372: checking if gcc static flag -static works
configure:8400: result: yes
configure:8415: checking if gcc supports -c -o file.o
configure:8436: gcc -c -g -O2  -o out/conftest2.o conftest.c >&5
configure:8440: $? = 0
configure:8462: result: yes
configure:8470: checking if gcc supports -c -o file.o
configure:8517: result: yes
configure:8550: checking whether the gcc linker (/usr/bin/ld -m elf_x86_64) supports shared libraries
configure:9707: result: yes
configure:9744: checking whether -lc should be explicitly linked in
configure:9752: gcc -c -g -O2  conftest.c >&5
configure:9755: $? = 0
configure:9770: gcc -shared  -fPIC -DPIC conftest.o  -v -Wl,-soname -Wl,conftest -o conftest 2\>\&1 \| /bin/grep  -lc  \>/dev/null 2\>\&1
configure:9773: $? = 0
configure:9787: result: no
configure:9947: checking dynamic linker characteristics
configure:10447: gcc -o conftest -g -O2   -Wl,-rpath -Wl,/foo conftest.c  >&5
configure:10447: $? = 0
configure:10681: result: GNU/Linux ld.so
configure:10788: checking how to hardcode library paths into programs
configure:10813: result: immediate
configure:11353: checking whether stripping libraries is possible
configure:11358: result: yes
configure:11393: checking if libtool supports shared libraries
configure:11395: result: yes
configure:11398: checking whether to build shared libraries
configure:11419: result: yes
configure:11422: checking whether to build static libraries
configure:11426: result: yes
configure:11511: checking for gcc
configure:11538: result: gcc
configure:11767: checking for C compiler version
configure:11776: gcc --version >&5
gcc (Ubuntu 4.8.2-19ubuntu1) 4.8.2
Copyright (C) 2013 Free Software Foundation, Inc.
This is free software; see the source for copying conditions.  There is NO
warranty; not even for MERCHANTABILITY or FITNESS FOR A PARTICULAR PURPOSE.

configure:11787: $? = 0
configure:11776: gcc -v >&5
Using built-in specs.
COLLECT_GCC=gcc
COLLECT_LTO_WRAPPER=/usr/lib/gcc/x86_64-linux-gnu/4.8/lto-wrapper
Target: x86_64-linux-gnu
Configured with: ../src/configure -v --with-pkgversion='Ubuntu 4.8.2-19ubuntu1' --with-bugurl=file:///usr/share/doc/gcc-4.8/README.Bugs --enable-languages=c,c++,java,go,d,fortran,objc,obj-c++ --prefix=/usr --program-suffix=-4.8 --enable-shared --enable-linker-build-id --libexecdir=/usr/lib --without-included-gettext --enable-threads=posix --with-gxx-include-dir=/usr/include/c++/4.8 --libdir=/usr/lib --enable-nls --with-sysroot=/ --enable-clocale=gnu --enable-libstdcxx-debug --enable-libstdcxx-time=yes --enable-gnu-unique-object --disable-libmudflap --enable-plugin --with-system-zlib --disable-browser-plugin --enable-java-awt=gtk --enable-gtk-cairo --with-java-home=/usr/lib/jvm/java-1.5.0-gcj-4.8-amd64/jre --enable-java-home --with-jvm-root-dir=/usr/lib/jvm/java-1.5.0-gcj-4.8-amd64 --with-jvm-jar-dir=/usr/lib/jvm-exports/java-1.5.0-gcj-4.8-amd64 --with-arch-directory=amd64 --with-ecj-jar=/usr/share/java/eclipse-ecj.jar --enable-objc-gc --enable-multiarch --disable-werror --with-arch-32=i686 --with-abi=m64 --with-multilib-list=m32,m64,mx32 --with-tune=generic --enable-checking=release --build=x86_64-linux-gnu --host=x86_64-linux-gnu --target=x86_64-linux-gnu
Thread model: posix
gcc version 4.8.2 (Ubuntu 4.8.2-19ubuntu1) 
configure:11787: $? = 0
configure:11776: gcc -V >&5
gcc: error: unrecognized command line option '-V'
gcc: fatal error: no input files
compilation terminated.
configure:11787: $? = 4
configure:11776: gcc -qversion >&5
gcc: error: unrecognized command line option '-qversion'
gcc: fatal error: no input files
compilation terminated.
configure:11787: $? = 4
configure:11791: checking whether we are using the GNU C compiler
configure:11819: result: yes
configure:11828: checking whether gcc accepts -g
configure:11889: result: yes
configure:11906: checking for gcc option to accept ISO C89
configure:11982: result: none needed
configure:12007: checking whether gcc understands -c and -o together
configure:12044: result: yes
configure:12063: checking dependency style of gcc
configure:12174: result: gcc3
configure:12247: checking for pkg-config
configure:12265: found /usr/bin/pkg-config
configure:12277: result: /usr/bin/pkg-config
configure:12302: checking pkg-config is at least version 0.9.0
configure:12305: result: yes
configure:12319: checking for GLIB
configure:12329: $PKG_CONFIG --exists --print-errors "gio-2.0 >= $GLIB_REQUIRED
		        glib-2.0 >= $GLIB_REQUIRED
		        gthread-2.0 >= $GLIB_REQUIRED
		        gobject-2.0 >= $GLIB_REQUIRED"
configure:12335: $? = 0
configure:12355: $PKG_CONFIG --exists --print-errors "gio-2.0 >= $GLIB_REQUIRED
		        glib-2.0 >= $GLIB_REQUIRED
		        gthread-2.0 >= $GLIB_REQUIRED
		        gobject-2.0 >= $GLIB_REQUIRED"
configure:12361: $? = 0
configure:12431: result: yes
configure:12438: checking for FREENECT
configure:12445: $PKG_CONFIG --exists --print-errors "libfreenect >= 0.0"
configure:12448: $? = 0
configure:12462: $PKG_CONFIG --exists --print-errors "libfreenect >= 0.0"
configure:12465: $? = 0
configure:12523: result: yes
configure:12540: checking for gobject-introspection
configure:12571: $PKG_CONFIG --exists --print-errors "gobject-introspection-1.0 >= 0.6.7"
Package gobject-introspection-1.0 was not found in the pkg-config search path.
Perhaps you should add the directory containing `gobject-introspection-1.0.pc'
to the PKG_CONFIG_PATH environment variable
No package 'gobject-introspection-1.0' found
configure:12574: $? = 1
configure:12586: result: no
configure:12639: checking for gtk-doc
configure:12642: $PKG_CONFIG --exists --print-errors "$gtk_doc_requires"
configure:12645: $? = 0
configure:12651: result: yes
configure:12665: checking for gtkdoc-check
configure:12681: found /usr/bin/gtkdoc-check
configure:12692: result: gtkdoc-check.test
configure:12702: checking for gtkdoc-check
configure:12720: found /usr/bin/gtkdoc-check
configure:12732: result: /usr/bin/gtkdoc-check
configure:12744: checking for gtkdoc-rebase
configure:12762: found /usr/bin/gtkdoc-rebase
configure:12774: result: /usr/bin/gtkdoc-rebase
configure:12788: checking for gtkdoc-mkpdf
configure:12806: found /usr/bin/gtkdoc-mkpdf
configure:12818: result: /usr/bin/gtkdoc-mkpdf
configure:12846: checking whether to build gtk-doc documentation
configure:12848: result: no
configure:12861: checking for GTKDOC_DEPS
configure:12868: $PKG_CONFIG --exists --print-errors "glib-2.0 >= 2.10.0 gobject-2.0  >= 2.10.0"
configure:12871: $? = 0
configure:12885: $PKG_CONFIG --exists --print-errors "glib-2.0 >= 2.10.0 gobject-2.0  >= 2.10.0"
configure:12888: $? = 0
configure:12926: result: yes
configure:13026: checking whether make supports nested variables
configure:13043: result: yes
configure:13203: checking that generated files are newer than configure
configure:13209: result: done
configure:13276: creating ./config.status

## ---------------------- ##
## Running config.status. ##
## ---------------------- ##

This file was extended by gfreenect config.status 0.1.5, which was
generated by GNU Autoconf 2.69.  Invocation command line was

  CONFIG_FILES    = 
  CONFIG_HEADERS  = 
  CONFIG_LINKS    = 
  CONFIG_COMMANDS = 
  $ ./config.status 

on david-N53SM

config.status:1132: creating Makefile
config.status:1132: creating gfreenect/Makefile
config.status:1132: creating gfreenect/gfreenect-0.1.pc
config.status:1132: creating doc/Makefile
config.status:1132: creating doc/reference/Makefile
config.status:1132: creating config.h
config.status:1313: config.h is unchanged
config.status:1361: executing depfiles commands
config.status:1361: executing libtool commands

## ---------------- ##
## Cache variables. ##
## ---------------- ##

ac_cv_build=x86_64-unknown-linux-gnu
ac_cv_c_compiler_gnu=yes
ac_cv_env_CC_set=
ac_cv_env_CC_value=
ac_cv_env_CFLAGS_set=
ac_cv_env_CFLAGS_value=
ac_cv_env_CPPFLAGS_set=
ac_cv_env_CPPFLAGS_value=
ac_cv_env_CPP_set=
ac_cv_env_CPP_value=
ac_cv_env_FREENECT_CFLAGS_set=
ac_cv_env_FREENECT_CFLAGS_value=
ac_cv_env_FREENECT_LIBS_set=
ac_cv_env_FREENECT_LIBS_value=
ac_cv_env_GLIB_CFLAGS_set=
ac_cv_env_GLIB_CFLAGS_value=
ac_cv_env_GLIB_LIBS_set=
ac_cv_env_GLIB_LIBS_value=
ac_cv_env_GTKDOC_DEPS_CFLAGS_set=
ac_cv_env_GTKDOC_DEPS_CFLAGS_value=
ac_cv_env_GTKDOC_DEPS_LIBS_set=
ac_cv_env_GTKDOC_DEPS_LIBS_value=
ac_cv_env_LDFLAGS_set=
ac_cv_env_LDFLAGS_value=
ac_cv_env_LIBS_set=
ac_cv_env_LIBS_value=
ac_cv_env_PKG_CONFIG_LIBDIR_set=
ac_cv_env_PKG_CONFIG_LIBDIR_value=
ac_cv_env_PKG_CONFIG_PATH_set=set
ac_cv_env_PKG_CONFIG_PATH_value=/opt/ros/indigo/lib/pkgconfig:/opt/ros/indigo/lib/x86_64-linux-gnu/pkgconfig::/usr/local/lib/pkgconfig
ac_cv_env_PKG_CONFIG_set=
ac_cv_env_PKG_CONFIG_value=
ac_cv_env_build_alias_set=
ac_cv_env_build_alias_value=
ac_cv_env_host_alias_set=
ac_cv_env_host_alias_value=
ac_cv_env_target_alias_set=
ac_cv_env_target_alias_value=
ac_cv_header_dlfcn_h=yes
ac_cv_header_inttypes_h=yes
ac_cv_header_memory_h=yes
ac_cv_header_stdc=yes
ac_cv_header_stdint_h=yes
ac_cv_header_stdlib_h=yes
ac_cv_header_string_h=yes
ac_cv_header_strings_h=yes
ac_cv_header_sys_stat_h=yes
ac_cv_header_sys_types_h=yes
ac_cv_header_unistd_h=yes
ac_cv_host=x86_64-unknown-linux-gnu
ac_cv_objext=o
ac_cv_path_EGREP='/bin/grep -E'
ac_cv_path_FGREP='/bin/grep -F'
ac_cv_path_GREP=/bin/grep
ac_cv_path_GTKDOC_CHECK_PATH=/usr/bin/gtkdoc-check
ac_cv_path_GTKDOC_MKPDF=/usr/bin/gtkdoc-mkpdf
ac_cv_path_GTKDOC_REBASE=/usr/bin/gtkdoc-rebase
ac_cv_path_SED=/bin/sed
ac_cv_path_ac_pt_PKG_CONFIG=/usr/bin/pkg-config
ac_cv_path_install='/usr/bin/install -c'
ac_cv_path_mkdir=/bin/mkdir
ac_cv_prog_AWK=mawk
ac_cv_prog_CPP='gcc -E'
ac_cv_prog_GTKDOC_CHECK=gtkdoc-check.test
ac_cv_prog_ac_ct_AR=ar
ac_cv_prog_ac_ct_CC=gcc
ac_cv_prog_ac_ct_MANIFEST_TOOL=mt
ac_cv_prog_ac_ct_OBJDUMP=objdump
ac_cv_prog_ac_ct_RANLIB=ranlib
ac_cv_prog_ac_ct_STRIP=strip
ac_cv_prog_cc_c89=
ac_cv_prog_cc_g=yes
ac_cv_prog_make_make_set=yes
am_cv_CC_dependencies_compiler_type=gcc3
am_cv_make_support_nested_variables=yes
am_cv_prog_cc_c_o=yes
lt_cv_ar_at_file=@
lt_cv_archive_cmds_need_lc=no
lt_cv_deplibs_check_method=pass_all
lt_cv_file_magic_cmd='$MAGIC_CMD'
lt_cv_file_magic_test_file=
lt_cv_ld_reload_flag=-r
lt_cv_nm_interface='BSD nm'
lt_cv_objdir=.libs
lt_cv_path_LD=/usr/bin/ld
lt_cv_path_NM='/usr/bin/nm -B'
lt_cv_path_mainfest_tool=no
lt_cv_prog_compiler_c_o=yes
lt_cv_prog_compiler_pic='-fPIC -DPIC'
lt_cv_prog_compiler_pic_works=yes
lt_cv_prog_compiler_rtti_exceptions=no
lt_cv_prog_compiler_static_works=yes
lt_cv_prog_gnu_ld=yes
lt_cv_sharedlib_from_linklib_cmd='printf %s\n'
lt_cv_shlibpath_overrides_runpath=no
lt_cv_sys_global_symbol_pipe='sed -n -e '\''s/^.*[	 ]\([ABCDGIRSTW][ABCDGIRSTW]*\)[	 ][	 ]*\([_A-Za-z][_A-Za-z0-9]*\)$/\1 \2 \2/p'\'' | sed '\''/ __gnu_lto/d'\'''
lt_cv_sys_global_symbol_to_c_name_address='sed -n -e '\''s/^: \([^ ]*\)[ ]*$/  {\"\1\", (void *) 0},/p'\'' -e '\''s/^[ABCDGIRSTW]* \([^ ]*\) \([^ ]*\)$/  {"\2", (void *) \&\2},/p'\'''
lt_cv_sys_global_symbol_to_c_name_address_lib_prefix='sed -n -e '\''s/^: \([^ ]*\)[ ]*$/  {\"\1\", (void *) 0},/p'\'' -e '\''s/^[ABCDGIRSTW]* \([^ ]*\) \(lib[^ ]*\)$/  {"\2", (void *) \&\2},/p'\'' -e '\''s/^[ABCDGIRSTW]* \([^ ]*\) \([^ ]*\)$/  {"lib\2", (void *) \&\2},/p'\'''
lt_cv_sys_global_symbol_to_cdecl='sed -n -e '\''s/^T .* \(.*\)$/extern int \1();/p'\'' -e '\''s/^[ABCDGIRSTW]* .* \(.*\)$/extern char \1;/p'\'''
lt_cv_sys_max_cmd_len=1572864
lt_cv_to_host_file_cmd=func_convert_file_noop
lt_cv_to_tool_file_cmd=func_convert_file_noop
pkg_cv_FREENECT_CFLAGS='-I/usr/local/include/libfreenect -I/usr/local/include/libusb-1.0  '
pkg_cv_FREENECT_LIBS='-L/usr/local/lib -lfreenect  '
pkg_cv_GLIB_CFLAGS='-pthread -I/usr/include/glib-2.0 -I/usr/lib/x86_64-linux-gnu/glib-2.0/include  '
pkg_cv_GLIB_LIBS='-pthread -lgio-2.0 -lgthread-2.0 -lgobject-2.0 -lglib-2.0  '
pkg_cv_GTKDOC_DEPS_CFLAGS='-I/usr/include/glib-2.0 -I/usr/lib/x86_64-linux-gnu/glib-2.0/include  '
pkg_cv_GTKDOC_DEPS_LIBS='-lgobject-2.0 -lglib-2.0  '

## ----------------- ##
## Output variables. ##
## ----------------- ##

ACLOCAL='${SHELL} /home/david/GFreenect/missing aclocal-1.14'
AMDEPBACKSLASH='\'
AMDEP_FALSE='#'
AMDEP_TRUE=''
AMTAR='$${TAR-tar}'
AM_BACKSLASH='\'
AM_DEFAULT_V='$(AM_DEFAULT_VERBOSITY)'
AM_DEFAULT_VERBOSITY='0'
AM_V='$(V)'
AR='ar'
AUTOCONF='${SHELL} /home/david/GFreenect/missing autoconf'
AUTOHEADER='${SHELL} /home/david/GFreenect/missing autoheader'
AUTOMAKE='${SHELL} /home/david/GFreenect/missing automake-1.14'
AWK='mawk'
BUILD_GTK_DOC_FALSE=''
BUILD_GTK_DOC_TRUE='#'
CC='gcc'
CCDEPMODE='depmode=gcc3'
CFLAGS='-g -O2'
CPP='gcc -E'
CPPFLAGS=''
CYGPATH_W='echo'
DEFS='-DHAVE_CONFIG_H'
DEPDIR='.deps'
DLLTOOL='false'
DSYMUTIL=''
DUMPBIN=''
ECHO_C=''
ECHO_N='-n'
ECHO_T=''
EGREP='/bin/grep -E'
ENABLE_DEBUG_FALSE=''
ENABLE_DEBUG_TRUE='#'
ENABLE_GTK_DOC_FALSE=''
ENABLE_GTK_DOC_TRUE='#'
ENABLE_TESTS_FALSE='#'
ENABLE_TESTS_TRUE=''
EXEEXT=''
FGREP='/bin/grep -F'
FREENECT_CFLAGS='-I/usr/local/include/libfreenect -I/usr/local/include/libusb-1.0  '
FREENECT_LIBS='-L/usr/local/lib -lfreenect  '
GLIB_CFLAGS='-pthread -I/usr/include/glib-2.0 -I/usr/lib/x86_64-linux-gnu/glib-2.0/include  '
GLIB_LIBS='-pthread -lgio-2.0 -lgthread-2.0 -lgobject-2.0 -lglib-2.0  '
GREP='/bin/grep'
GTKDOC_CHECK='gtkdoc-check.test'
GTKDOC_CHECK_PATH='/usr/bin/gtkdoc-check'
GTKDOC_DEPS_CFLAGS='-I/usr/include/glib-2.0 -I/usr/lib/x86_64-linux-gnu/glib-2.0/include  '
GTKDOC_DEPS_LIBS='-lgobject-2.0 -lglib-2.0  '
GTKDOC_MKPDF='/usr/bin/gtkdoc-mkpdf'
GTKDOC_REBASE='/usr/bin/gtkdoc-rebase'
GTK_DOC_BUILD_HTML_FALSE='#'
GTK_DOC_BUILD_HTML_TRUE=''
GTK_DOC_BUILD_PDF_FALSE=''
GTK_DOC_BUILD_PDF_TRUE='#'
GTK_DOC_USE_LIBTOOL_FALSE='#'
GTK_DOC_USE_LIBTOOL_TRUE=''
GTK_DOC_USE_REBASE_FALSE='#'
GTK_DOC_USE_REBASE_TRUE=''
HAVE_GTK_DOC_FALSE='#'
HAVE_GTK_DOC_TRUE=''
HAVE_INTROSPECTION_FALSE=''
HAVE_INTROSPECTION_TRUE='#'
HTML_DIR='${datadir}/gtk-doc/html'
INSTALL_DATA='${INSTALL} -m 644'
INSTALL_PROGRAM='${INSTALL}'
INSTALL_SCRIPT='${INSTALL}'
INSTALL_STRIP_PROGRAM='$(install_sh) -c -s'
INTROSPECTION_CFLAGS=''
INTROSPECTION_COMPILER=''
INTROSPECTION_GENERATE=''
INTROSPECTION_GIRDIR=''
INTROSPECTION_LIBS=''
INTROSPECTION_MAKEFILE=''
INTROSPECTION_SCANNER=''
INTROSPECTION_TYPELIBDIR=''
LD='/usr/bin/ld -m elf_x86_64'
LDFLAGS=''
LIBOBJS=''
LIBS=''
LIBTOOL='$(SHELL) $(top_builddir)/libtool'
LIPO=''
LN_S='ln -s'
LTLIBOBJS=''
MAKEINFO='${SHELL} /home/david/GFreenect/missing makeinfo'
MANIFEST_TOOL=':'
MKDIR_P='/bin/mkdir -p'
NM='/usr/bin/nm -B'
NMEDIT=''
OBJDUMP='objdump'
OBJEXT='o'
OTOOL64=''
OTOOL=''
PACKAGE='gfreenect'
PACKAGE_BUGREPORT='http://labs.igalia.com/gfreenect'
PACKAGE_NAME='gfreenect'
PACKAGE_STRING='gfreenect 0.1.5'
PACKAGE_TARNAME='gfreenect'
PACKAGE_URL=''
PACKAGE_VERSION='0.1.5'
PATH_SEPARATOR=':'
PKG_CONFIG='/usr/bin/pkg-config'
PKG_CONFIG_LIBDIR=''
PKG_CONFIG_PATH='/opt/ros/indigo/lib/pkgconfig:/opt/ros/indigo/lib/x86_64-linux-gnu/pkgconfig::/usr/local/lib/pkgconfig'
PRJ_API_NAME='gfreenect-0.1'
PRJ_API_VERSION='0.1'
PRJ_GIR_API_NAME=''
PRJ_GIR_NAMESPACE=''
PRJ_GIR_TARGET_NAME=''
PRJ_VERSION='0.1.5'
RANLIB='ranlib'
SED='/bin/sed'
SET_MAKE=''
SHELL='/bin/bash'
STRIP='strip'
VERSION='0.1.5'
ac_ct_AR='ar'
ac_ct_CC='gcc'
ac_ct_DUMPBIN=''
am__EXEEXT_FALSE=''
am__EXEEXT_TRUE='#'
am__fastdepCC_FALSE='#'
am__fastdepCC_TRUE=''
am__include='include'
am__isrc=''
am__leading_dot='.'
am__nodep='_no'
am__quote=''
am__tar='$${TAR-tar} chof - "$$tardir"'
am__untar='$${TAR-tar} xf -'
bindir='${exec_prefix}/bin'
build='x86_64-unknown-linux-gnu'
build_alias=''
build_cpu='x86_64'
build_os='linux-gnu'
build_vendor='unknown'
datadir='${datarootdir}'
datarootdir='${prefix}/share'
docdir='${datarootdir}/doc/${PACKAGE_TARNAME}'
dvidir='${docdir}'
exec_prefix='${prefix}'
host='x86_64-unknown-linux-gnu'
host_alias=''
host_cpu='x86_64'
host_os='linux-gnu'
host_vendor='unknown'
htmldir='${docdir}'
includedir='${prefix}/include'
infodir='${datarootdir}/info'
install_sh='${SHELL} /home/david/GFreenect/install-sh'
libdir='${exec_prefix}/lib'
libexecdir='${exec_prefix}/libexec'
localedir='${datarootdir}/locale'
localstatedir='${prefix}/var'
mandir='${datarootdir}/man'
mkdir_p='$(MKDIR_P)'
oldincludedir='/usr/include'
pdfdir='${docdir}'
prefix='/usr/local'
program_transform_name='s,x,x,'
psdir='${docdir}'
sbindir='${exec_prefix}/sbin'
sharedstatedir='${prefix}/com'
sysconfdir='${prefix}/etc'
target_alias=''

## ----------- ##
## confdefs.h. ##
## ----------- ##

/* confdefs.h */
#define PACKAGE_NAME "gfreenect"
#define PACKAGE_TARNAME "gfreenect"
#define PACKAGE_VERSION "0.1.5"
#define PACKAGE_STRING "gfreenect 0.1.5"
#define PACKAGE_BUGREPORT "http://labs.igalia.com/gfreenect"
#define PACKAGE_URL ""
#define PACKAGE "gfreenect"
#define VERSION "0.1.5"
#define STDC_HEADERS 1
#define HAVE_SYS_TYPES_H 1
#define HAVE_SYS_STAT_H 1
#define HAVE_STDLIB_H 1
#define HAVE_STRING_H 1
#define HAVE_MEMORY_H 1
#define HAVE_STRINGS_H 1
#define HAVE_INTTYPES_H 1
#define HAVE_STDINT_H 1
#define HAVE_UNISTD_H 1
#define HAVE_DLFCN_H 1
#define LT_OBJDIR ".libs/"

configure: exit 0
